10:01:52 **** Incremental Build of configuration Nios II for project TestBench_FW ****
make all 
Info: Building ../testbench_ls_bsp/
make --no-print-directory -C ../testbench_ls_bsp/
Compiling alt_alarm_start.c...
nios2-elf-gcc -xc -MP -MMD -c  -I./HAL/inc -I. -I./drivers/inc -pipe -D__hal__ -DALT_NO_INSTRUCTION_EMULATION -DALT_SINGLE_THREADED    -O3 -g -Wall  -mno-hw-div -mhw-mul -mhw-mulx -mgpopt=global   -o obj/HAL/src/alt_alarm_start.o HAL/src/alt_alarm_start.c
Compiling alt_busy_sleep.c...
nios2-elf-gcc -xc -MP -MMD -c  -I./HAL/inc -I. -I./drivers/inc -pipe -D__hal__ -DALT_NO_INSTRUCTION_EMULATION -DALT_SINGLE_THREADED    -O3 -g -Wall  -mno-hw-div -mhw-mul -mhw-mulx -mgpopt=global   -o obj/HAL/src/alt_busy_sleep.o HAL/src/alt_busy_sleep.c
Compiling alt_close.c...
nios2-elf-gcc -xc -MP -MMD -c  -I./HAL/inc -I. -I./drivers/inc -pipe -D__hal__ -DALT_NO_INSTRUCTION_EMULATION -DALT_SINGLE_THREADED    -O3 -g -Wall  -mno-hw-div -mhw-mul -mhw-mulx -mgpopt=global   -o obj/HAL/src/alt_close.o HAL/src/alt_close.c
Compiling alt_dcache_flush.c...
nios2-elf-gcc -xc -MP -MMD -c  -I./HAL/inc -I. -I./drivers/inc -pipe -D__hal__ -DALT_NO_INSTRUCTION_EMULATION -DALT_SINGLE_THREADED    -O3 -g -Wall  -mno-hw-div -mhw-mul -mhw-mulx -mgpopt=global   -o obj/HAL/src/alt_dcache_flush.o HAL/src/alt_dcache_flush.c
Compiling alt_dcache_flush_all.c...
nios2-elf-gcc -xc -MP -MMD -c  -I./HAL/inc -I. -I./drivers/inc -pipe -D__hal__ -DALT_NO_INSTRUCTION_EMULATION -DALT_SINGLE_THREADED    -O3 -g -Wall  -mno-hw-div -mhw-mul -mhw-mulx -mgpopt=global   -o obj/HAL/src/alt_dcache_flush_all.o HAL/src/alt_dcache_flush_all.c
Compiling alt_dcache_flush_no_writeback.c...
nios2-elf-gcc -xc -MP -MMD -c  -I./HAL/inc -I. -I./drivers/inc -pipe -D__hal__ -DALT_NO_INSTRUCTION_EMULATION -DALT_SINGLE_THREADED    -O3 -g -Wall  -mno-hw-div -mhw-mul -mhw-mulx -mgpopt=global   -o obj/HAL/src/alt_dcache_flush_no_writeback.o HAL/src/alt_dcache_flush_no_writeback.c
Compiling alt_dev.c...
nios2-elf-gcc -xc -MP -MMD -c  -I./HAL/inc -I. -I./drivers/inc -pipe -D__hal__ -DALT_NO_INSTRUCTION_EMULATION -DALT_SINGLE_THREADED    -O3 -g -Wall  -mno-hw-div -mhw-mul -mhw-mulx -mgpopt=global   -o obj/HAL/src/alt_dev.o HAL/src/alt_dev.c
Compiling alt_dma_rxchan_open.c...
nios2-elf-gcc -xc -MP -MMD -c  -I./HAL/inc -I. -I./drivers/inc -pipe -D__hal__ -DALT_NO_INSTRUCTION_EMULATION -DALT_SINGLE_THREADED    -O3 -g -Wall  -mno-hw-div -mhw-mul -mhw-mulx -mgpopt=global   -o obj/HAL/src/alt_dma_rxchan_open.o HAL/src/alt_dma_rxchan_open.c
Compiling alt_dma_txchan_open.c...
nios2-elf-gcc -xc -MP -MMD -c  -I./HAL/inc -I. -I./drivers/inc -pipe -D__hal__ -DALT_NO_INSTRUCTION_EMULATION -DALT_SINGLE_THREADED    -O3 -g -Wall  -mno-hw-div -mhw-mul -mhw-mulx -mgpopt=global   -o obj/HAL/src/alt_dma_txchan_open.o HAL/src/alt_dma_txchan_open.c
Compiling alt_ecc_fatal_exception.c...
nios2-elf-gcc -xc -MP -MMD -c  -I./HAL/inc -I. -I./drivers/inc -pipe -D__hal__ -DALT_NO_INSTRUCTION_EMULATION -DALT_SINGLE_THREADED    -O3 -g -Wall  -mno-hw-div -mhw-mul -mhw-mulx -mgpopt=global   -o obj/HAL/src/alt_ecc_fatal_exception.o HAL/src/alt_ecc_fatal_exception.c
Compiling alt_exception_entry.S...
nios2-elf-gcc -MP -MMD -c   -O3 -g -Wall  -mno-hw-div -mhw-mul -mhw-mulx -mgpopt=global    -I./HAL/inc -I. -I./drivers/inc -pipe -D__hal__ -DALT_NO_INSTRUCTION_EMULATION -DALT_SINGLE_THREADED  -Wa,-gdwarf2  -o obj/HAL/src/alt_exception_entry.o HAL/src/alt_exception_entry.S
Compiling alt_exit.c...
nios2-elf-gcc -xc -MP -MMD -c  -I./HAL/inc -I. -I./drivers/inc -pipe -D__hal__ -DALT_NO_INSTRUCTION_EMULATION -DALT_SINGLE_THREADED    -O3 -g -Wall  -mno-hw-div -mhw-mul -mhw-mulx -mgpopt=global   -o obj/HAL/src/alt_exit.o HAL/src/alt_exit.c
Compiling alt_fcntl.c...
nios2-elf-gcc -xc -MP -MMD -c  -I./HAL/inc -I. -I./drivers/inc -pipe -D__hal__ -DALT_NO_INSTRUCTION_EMULATION -DALT_SINGLE_THREADED    -O3 -g -Wall  -mno-hw-div -mhw-mul -mhw-mulx -mgpopt=global   -o obj/HAL/src/alt_fcntl.o HAL/src/alt_fcntl.c
Compiling alt_fd_lock.c...
nios2-elf-gcc -xc -MP -MMD -c  -I./HAL/inc -I. -I./drivers/inc -pipe -D__hal__ -DALT_NO_INSTRUCTION_EMULATION -DALT_SINGLE_THREADED    -O3 -g -Wall  -mno-hw-div -mhw-mul -mhw-mulx -mgpopt=global   -o obj/HAL/src/alt_fd_lock.o HAL/src/alt_fd_lock.c
Compiling alt_fd_unlock.c...
nios2-elf-gcc -xc -MP -MMD -c  -I./HAL/inc -I. -I./drivers/inc -pipe -D__hal__ -DALT_NO_INSTRUCTION_EMULATION -DALT_SINGLE_THREADED    -O3 -g -Wall  -mno-hw-div -mhw-mul -mhw-mulx -mgpopt=global   -o obj/HAL/src/alt_fd_unlock.o HAL/src/alt_fd_unlock.c
Compiling alt_find_dev.c...
nios2-elf-gcc -xc -MP -MMD -c  -I./HAL/inc -I. -I./drivers/inc -pipe -D__hal__ -DALT_NO_INSTRUCTION_EMULATION -DALT_SINGLE_THREADED    -O3 -g -Wall  -mno-hw-div -mhw-mul -mhw-mulx -mgpopt=global   -o obj/HAL/src/alt_find_dev.o HAL/src/alt_find_dev.c
Compiling alt_find_file.c...
nios2-elf-gcc -xc -MP -MMD -c  -I./HAL/inc -I. -I./drivers/inc -pipe -D__hal__ -DALT_NO_INSTRUCTION_EMULATION -DALT_SINGLE_THREADED    -O3 -g -Wall  -mno-hw-div -mhw-mul -mhw-mulx -mgpopt=global   -o obj/HAL/src/alt_find_file.o HAL/src/alt_find_file.c
Compiling alt_flash_dev.c...
nios2-elf-gcc -xc -MP -MMD -c  -I./HAL/inc -I. -I./drivers/inc -pipe -D__hal__ -DALT_NO_INSTRUCTION_EMULATION -DALT_SINGLE_THREADED    -O3 -g -Wall  -mno-hw-div -mhw-mul -mhw-mulx -mgpopt=global   -o obj/HAL/src/alt_flash_dev.o HAL/src/alt_flash_dev.c
Compiling alt_fs_reg.c...
nios2-elf-gcc -xc -MP -MMD -c  -I./HAL/inc -I. -I./drivers/inc -pipe -D__hal__ -DALT_NO_INSTRUCTION_EMULATION -DALT_SINGLE_THREADED    -O3 -g -Wall  -mno-hw-div -mhw-mul -mhw-mulx -mgpopt=global   -o obj/HAL/src/alt_fs_reg.o HAL/src/alt_fs_reg.c
Compiling alt_fstat.c...
nios2-elf-gcc -xc -MP -MMD -c  -I./HAL/inc -I. -I./drivers/inc -pipe -D__hal__ -DALT_NO_INSTRUCTION_EMULATION -DALT_SINGLE_THREADED    -O3 -g -Wall  -mno-hw-div -mhw-mul -mhw-mulx -mgpopt=global   -o obj/HAL/src/alt_fstat.o HAL/src/alt_fstat.c
Compiling alt_get_fd.c...
nios2-elf-gcc -xc -MP -MMD -c  -I./HAL/inc -I. -I./drivers/inc -pipe -D__hal__ -DALT_NO_INSTRUCTION_EMULATION -DALT_SINGLE_THREADED    -O3 -g -Wall  -mno-hw-div -mhw-mul -mhw-mulx -mgpopt=global   -o obj/HAL/src/alt_get_fd.o HAL/src/alt_get_fd.c
Compiling alt_gmon.c...
nios2-elf-gcc -xc -MP -MMD -c  -I./HAL/inc -I. -I./drivers/inc -pipe -D__hal__ -DALT_NO_INSTRUCTION_EMULATION -DALT_SINGLE_THREADED    -O3 -g -Wall  -mno-hw-div -mhw-mul -mhw-mulx -mgpopt=global   -o obj/HAL/src/alt_gmon.o HAL/src/alt_gmon.c
Compiling alt_icache_flush.c...
nios2-elf-gcc -xc -MP -MMD -c  -I./HAL/inc -I. -I./drivers/inc -pipe -D__hal__ -DALT_NO_INSTRUCTION_EMULATION -DALT_SINGLE_THREADED    -O3 -g -Wall  -mno-hw-div -mhw-mul -mhw-mulx -mgpopt=global   -o obj/HAL/src/alt_icache_flush.o HAL/src/alt_icache_flush.c
Compiling alt_icache_flush_all.c...
nios2-elf-gcc -xc -MP -MMD -c  -I./HAL/inc -I. -I./drivers/inc -pipe -D__hal__ -DALT_NO_INSTRUCTION_EMULATION -DALT_SINGLE_THREADED    -O3 -g -Wall  -mno-hw-div -mhw-mul -mhw-mulx -mgpopt=global   -o obj/HAL/src/alt_icache_flush_all.o HAL/src/alt_icache_flush_all.c
Compiling alt_iic.c...
nios2-elf-gcc -xc -MP -MMD -c  -I./HAL/inc -I. -I./drivers/inc -pipe -D__hal__ -DALT_NO_INSTRUCTION_EMULATION -DALT_SINGLE_THREADED    -O3 -g -Wall  -mno-hw-div -mhw-mul -mhw-mulx -mgpopt=global   -o obj/HAL/src/alt_iic.o HAL/src/alt_iic.c
Compiling alt_iic_isr_register.c...
nios2-elf-gcc -xc -MP -MMD -c  -I./HAL/inc -I. -I./drivers/inc -pipe -D__hal__ -DALT_NO_INSTRUCTION_EMULATION -DALT_SINGLE_THREADED    -O3 -g -Wall  -mno-hw-div -mhw-mul -mhw-mulx -mgpopt=global   -o obj/HAL/src/alt_iic_isr_register.o HAL/src/alt_iic_isr_register.c
Compiling alt_instruction_exception_entry.c...
nios2-elf-gcc -xc -MP -MMD -c  -I./HAL/inc -I. -I./drivers/inc -pipe -D__hal__ -DALT_NO_INSTRUCTION_EMULATION -DALT_SINGLE_THREADED    -O3 -g -Wall  -mno-hw-div -mhw-mul -mhw-mulx -mgpopt=global   -o obj/HAL/src/alt_instruction_exception_entry.o HAL/src/alt_instruction_exception_entry.c
Compiling alt_instruction_exception_register.c...
nios2-elf-gcc -xc -MP -MMD -c  -I./HAL/inc -I. -I./drivers/inc -pipe -D__hal__ -DALT_NO_INSTRUCTION_EMULATION -DALT_SINGLE_THREADED    -O3 -g -Wall  -mno-hw-div -mhw-mul -mhw-mulx -mgpopt=global   -o obj/HAL/src/alt_instruction_exception_register.o HAL/src/alt_instruction_exception_register.c
Compiling alt_io_redirect.c...
nios2-elf-gcc -xc -MP -MMD -c  -I./HAL/inc -I. -I./drivers/inc -pipe -D__hal__ -DALT_NO_INSTRUCTION_EMULATION -DALT_SINGLE_THREADED    -O3 -g -Wall  -mno-hw-div -mhw-mul -mhw-mulx -mgpopt=global   -o obj/HAL/src/alt_io_redirect.o HAL/src/alt_io_redirect.c
Compiling alt_ioctl.c...
nios2-elf-gcc -xc -MP -MMD -c  -I./HAL/inc -I. -I./drivers/inc -pipe -D__hal__ -DALT_NO_INSTRUCTION_EMULATION -DALT_SINGLE_THREADED    -O3 -g -Wall  -mno-hw-div -mhw-mul -mhw-mulx -mgpopt=global   -o obj/HAL/src/alt_ioctl.o HAL/src/alt_ioctl.c
Compiling alt_irq_entry.S...
nios2-elf-gcc -MP -MMD -c   -O3 -g -Wall  -mno-hw-div -mhw-mul -mhw-mulx -mgpopt=global    -I./HAL/inc -I. -I./drivers/inc -pipe -D__hal__ -DALT_NO_INSTRUCTION_EMULATION -DALT_SINGLE_THREADED  -Wa,-gdwarf2  -o obj/HAL/src/alt_irq_entry.o HAL/src/alt_irq_entry.S
Compiling alt_irq_handler.c...
nios2-elf-gcc -xc -MP -MMD -c  -I./HAL/inc -I. -I./drivers/inc -pipe -D__hal__ -DALT_NO_INSTRUCTION_EMULATION -DALT_SINGLE_THREADED    -O3 -g -Wall  -mno-hw-div -mhw-mul -mhw-mulx -mgpopt=global   -o obj/HAL/src/alt_irq_handler.o HAL/src/alt_irq_handler.c
Compiling alt_irq_register.c...
nios2-elf-gcc -xc -MP -MMD -c  -I./HAL/inc -I. -I./drivers/inc -pipe -D__hal__ -DALT_NO_INSTRUCTION_EMULATION -DALT_SINGLE_THREADED    -O3 -g -Wall  -mno-hw-div -mhw-mul -mhw-mulx -mgpopt=global   -o obj/HAL/src/alt_irq_register.o HAL/src/alt_irq_register.c
Compiling alt_irq_vars.c...
nios2-elf-gcc -xc -MP -MMD -c  -I./HAL/inc -I. -I./drivers/inc -pipe -D__hal__ -DALT_NO_INSTRUCTION_EMULATION -DALT_SINGLE_THREADED    -O3 -g -Wall  -mno-hw-div -mhw-mul -mhw-mulx -mgpopt=global   -o obj/HAL/src/alt_irq_vars.o HAL/src/alt_irq_vars.c
Compiling alt_isatty.c...
nios2-elf-gcc -xc -MP -MMD -c  -I./HAL/inc -I. -I./drivers/inc -pipe -D__hal__ -DALT_NO_INSTRUCTION_EMULATION -DALT_SINGLE_THREADED    -O3 -g -Wall  -mno-hw-div -mhw-mul -mhw-mulx -mgpopt=global   -o obj/HAL/src/alt_isatty.o HAL/src/alt_isatty.c
Compiling alt_lseek.c...
nios2-elf-gcc -xc -MP -MMD -c  -I./HAL/inc -I. -I./drivers/inc -pipe -D__hal__ -DALT_NO_INSTRUCTION_EMULATION -DALT_SINGLE_THREADED    -O3 -g -Wall  -mno-hw-div -mhw-mul -mhw-mulx -mgpopt=global   -o obj/HAL/src/alt_lseek.o HAL/src/alt_lseek.c
Compiling alt_main.c...
nios2-elf-gcc -xc -MP -MMD -c  -I./HAL/inc -I. -I./drivers/inc -pipe -D__hal__ -DALT_NO_INSTRUCTION_EMULATION -DALT_SINGLE_THREADED    -O3 -g -Wall  -mno-hw-div -mhw-mul -mhw-mulx -mgpopt=global   -o obj/HAL/src/alt_main.o HAL/src/alt_main.c
Compiling alt_open.c...
nios2-elf-gcc -xc -MP -MMD -c  -I./HAL/inc -I. -I./drivers/inc -pipe -D__hal__ -DALT_NO_INSTRUCTION_EMULATION -DALT_SINGLE_THREADED    -O3 -g -Wall  -mno-hw-div -mhw-mul -mhw-mulx -mgpopt=global   -o obj/HAL/src/alt_open.o HAL/src/alt_open.c
Compiling alt_read.c...
nios2-elf-gcc -xc -MP -MMD -c  -I./HAL/inc -I. -I./drivers/inc -pipe -D__hal__ -DALT_NO_INSTRUCTION_EMULATION -DALT_SINGLE_THREADED    -O3 -g -Wall  -mno-hw-div -mhw-mul -mhw-mulx -mgpopt=global   -o obj/HAL/src/alt_read.o HAL/src/alt_read.c
Compiling alt_release_fd.c...
nios2-elf-gcc -xc -MP -MMD -c  -I./HAL/inc -I. -I./drivers/inc -pipe -D__hal__ -DALT_NO_INSTRUCTION_EMULATION -DALT_SINGLE_THREADED    -O3 -g -Wall  -mno-hw-div -mhw-mul -mhw-mulx -mgpopt=global   -o obj/HAL/src/alt_release_fd.o HAL/src/alt_release_fd.c
Compiling alt_remap_cached.c...
nios2-elf-gcc -xc -MP -MMD -c  -I./HAL/inc -I. -I./drivers/inc -pipe -D__hal__ -DALT_NO_INSTRUCTION_EMULATION -DALT_SINGLE_THREADED    -O3 -g -Wall  -mno-hw-div -mhw-mul -mhw-mulx -mgpopt=global   -o obj/HAL/src/alt_remap_cached.o HAL/src/alt_remap_cached.c
Compiling alt_remap_uncached.c...
nios2-elf-gcc -xc -MP -MMD -c  -I./HAL/inc -I. -I./drivers/inc -pipe -D__hal__ -DALT_NO_INSTRUCTION_EMULATION -DALT_SINGLE_THREADED    -O3 -g -Wall  -mno-hw-div -mhw-mul -mhw-mulx -mgpopt=global   -o obj/HAL/src/alt_remap_uncached.o HAL/src/alt_remap_uncached.c
Compiling alt_sbrk.c...
nios2-elf-gcc -xc -MP -MMD -c  -I./HAL/inc -I. -I./drivers/inc -pipe -D__hal__ -DALT_NO_INSTRUCTION_EMULATION -DALT_SINGLE_THREADED    -O3 -g -Wall  -mno-hw-div -mhw-mul -mhw-mulx -mgpopt=global   -o obj/HAL/src/alt_sbrk.o HAL/src/alt_sbrk.c
Compiling alt_software_exception.S...
nios2-elf-gcc -MP -MMD -c   -O3 -g -Wall  -mno-hw-div -mhw-mul -mhw-mulx -mgpopt=global    -I./HAL/inc -I. -I./drivers/inc -pipe -D__hal__ -DALT_NO_INSTRUCTION_EMULATION -DALT_SINGLE_THREADED  -Wa,-gdwarf2  -o obj/HAL/src/alt_software_exception.o HAL/src/alt_software_exception.S
Compiling alt_tick.c...
nios2-elf-gcc -xc -MP -MMD -c  -I./HAL/inc -I. -I./drivers/inc -pipe -D__hal__ -DALT_NO_INSTRUCTION_EMULATION -DALT_SINGLE_THREADED    -O3 -g -Wall  -mno-hw-div -mhw-mul -mhw-mulx -mgpopt=global   -o obj/HAL/src/alt_tick.o HAL/src/alt_tick.c
Compiling alt_uncached_free.c...
nios2-elf-gcc -xc -MP -MMD -c  -I./HAL/inc -I. -I./drivers/inc -pipe -D__hal__ -DALT_NO_INSTRUCTION_EMULATION -DALT_SINGLE_THREADED    -O3 -g -Wall  -mno-hw-div -mhw-mul -mhw-mulx -mgpopt=global   -o obj/HAL/src/alt_uncached_free.o HAL/src/alt_uncached_free.c
Compiling alt_uncached_malloc.c...
nios2-elf-gcc -xc -MP -MMD -c  -I./HAL/inc -I. -I./drivers/inc -pipe -D__hal__ -DALT_NO_INSTRUCTION_EMULATION -DALT_SINGLE_THREADED    -O3 -g -Wall  -mno-hw-div -mhw-mul -mhw-mulx -mgpopt=global   -o obj/HAL/src/alt_uncached_malloc.o HAL/src/alt_uncached_malloc.c
Compiling alt_write.c...
nios2-elf-gcc -xc -MP -MMD -c  -I./HAL/inc -I. -I./drivers/inc -pipe -D__hal__ -DALT_NO_INSTRUCTION_EMULATION -DALT_SINGLE_THREADED    -O3 -g -Wall  -mno-hw-div -mhw-mul -mhw-mulx -mgpopt=global   -o obj/HAL/src/alt_write.o HAL/src/alt_write.c
Compiling altera_nios2_gen2_irq.c...
nios2-elf-gcc -xc -MP -MMD -c  -I./HAL/inc -I. -I./drivers/inc -pipe -D__hal__ -DALT_NO_INSTRUCTION_EMULATION -DALT_SINGLE_THREADED    -O3 -g -Wall  -mno-hw-div -mhw-mul -mhw-mulx -mgpopt=global   -o obj/HAL/src/altera_nios2_gen2_irq.o HAL/src/altera_nios2_gen2_irq.c
Compiling crt0.S...
nios2-elf-gcc -MP -MMD -c   -O3 -g -Wall  -mno-hw-div -mhw-mul -mhw-mulx -mgpopt=global    -I./HAL/inc -I. -I./drivers/inc -pipe -D__hal__ -DALT_NO_INSTRUCTION_EMULATION -DALT_SINGLE_THREADED  -Wa,-gdwarf2  -o obj/HAL/src/crt0.o HAL/src/crt0.S
Compiling alt_sys_init.c...
nios2-elf-gcc -xc -MP -MMD -c  -I./HAL/inc -I. -I./drivers/inc -pipe -D__hal__ -DALT_NO_INSTRUCTION_EMULATION -DALT_SINGLE_THREADED    -O3 -g -Wall  -mno-hw-div -mhw-mul -mhw-mulx -mgpopt=global   -o obj/alt_sys_init.o alt_sys_init.c
Compiling altera_avalon_jtag_uart_fd.c...
nios2-elf-gcc -xc -MP -MMD -c  -I./HAL/inc -I. -I./drivers/inc -pipe -D__hal__ -DALT_NO_INSTRUCTION_EMULATION -DALT_SINGLE_THREADED    -O3 -g -Wall  -mno-hw-div -mhw-mul -mhw-mulx -mgpopt=global   -o obj/drivers/src/altera_avalon_jtag_uart_fd.o drivers/src/altera_avalon_jtag_uart_fd.c
Compiling altera_avalon_jtag_uart_init.c...
nios2-elf-gcc -xc -MP -MMD -c  -I./HAL/inc -I. -I./drivers/inc -pipe -D__hal__ -DALT_NO_INSTRUCTION_EMULATION -DALT_SINGLE_THREADED    -O3 -g -Wall  -mno-hw-div -mhw-mul -mhw-mulx -mgpopt=global   -o obj/drivers/src/altera_avalon_jtag_uart_init.o drivers/src/altera_avalon_jtag_uart_init.c
Compiling altera_avalon_jtag_uart_ioctl.c...
nios2-elf-gcc -xc -MP -MMD -c  -I./HAL/inc -I. -I./drivers/inc -pipe -D__hal__ -DALT_NO_INSTRUCTION_EMULATION -DALT_SINGLE_THREADED    -O3 -g -Wall  -mno-hw-div -mhw-mul -mhw-mulx -mgpopt=global   -o obj/drivers/src/altera_avalon_jtag_uart_ioctl.o drivers/src/altera_avalon_jtag_uart_ioctl.c
Compiling altera_avalon_jtag_uart_read.c...
nios2-elf-gcc -xc -MP -MMD -c  -I./HAL/inc -I. -I./drivers/inc -pipe -D__hal__ -DALT_NO_INSTRUCTION_EMULATION -DALT_SINGLE_THREADED    -O3 -g -Wall  -mno-hw-div -mhw-mul -mhw-mulx -mgpopt=global   -o obj/drivers/src/altera_avalon_jtag_uart_read.o drivers/src/altera_avalon_jtag_uart_read.c
Compiling altera_avalon_jtag_uart_write.c...
nios2-elf-gcc -xc -MP -MMD -c  -I./HAL/inc -I. -I./drivers/inc -pipe -D__hal__ -DALT_NO_INSTRUCTION_EMULATION -DALT_SINGLE_THREADED    -O3 -g -Wall  -mno-hw-div -mhw-mul -mhw-mulx -mgpopt=global   -o obj/drivers/src/altera_avalon_jtag_uart_write.o drivers/src/altera_avalon_jtag_uart_write.c
Compiling altera_avalon_timer_sc.c...
nios2-elf-gcc -xc -MP -MMD -c  -I./HAL/inc -I. -I./drivers/inc -pipe -D__hal__ -DALT_NO_INSTRUCTION_EMULATION -DALT_SINGLE_THREADED    -O3 -g -Wall  -mno-hw-div -mhw-mul -mhw-mulx -mgpopt=global   -o obj/drivers/src/altera_avalon_timer_sc.o drivers/src/altera_avalon_timer_sc.c
Compiling altera_avalon_timer_ts.c...
nios2-elf-gcc -xc -MP -MMD -c  -I./HAL/inc -I. -I./drivers/inc -pipe -D__hal__ -DALT_NO_INSTRUCTION_EMULATION -DALT_SINGLE_THREADED    -O3 -g -Wall  -mno-hw-div -mhw-mul -mhw-mulx -mgpopt=global   -o obj/drivers/src/altera_avalon_timer_ts.o drivers/src/altera_avalon_timer_ts.c
Compiling altera_avalon_timer_vars.c...
nios2-elf-gcc -xc -MP -MMD -c  -I./HAL/inc -I. -I./drivers/inc -pipe -D__hal__ -DALT_NO_INSTRUCTION_EMULATION -DALT_SINGLE_THREADED    -O3 -g -Wall  -mno-hw-div -mhw-mul -mhw-mulx -mgpopt=global   -o obj/drivers/src/altera_avalon_timer_vars.o drivers/src/altera_avalon_timer_vars.c
Compiling altera_msgdma.c...
nios2-elf-gcc -xc -MP -MMD -c  -I./HAL/inc -I. -I./drivers/inc -pipe -D__hal__ -DALT_NO_INSTRUCTION_EMULATION -DALT_SINGLE_THREADED    -O3 -g -Wall  -mno-hw-div -mhw-mul -mhw-mulx -mgpopt=global   -o obj/drivers/src/altera_msgdma.o drivers/src/altera_msgdma.c
Creating libhal_bsp.a...
rm -f -f libhal_bsp.a
nios2-elf-ar -src libhal_bsp.a obj/HAL/src/alt_alarm_start.o obj/HAL/src/alt_busy_sleep.o obj/HAL/src/alt_close.o obj/HAL/src/alt_dcache_flush.o obj/HAL/src/alt_dcache_flush_all.o obj/HAL/src/alt_dcache_flush_no_writeback.o obj/HAL/src/alt_dev.o obj/HAL/src/alt_dev_llist_insert.o obj/HAL/src/alt_dma_rxchan_open.o obj/HAL/src/alt_dma_txchan_open.o obj/HAL/src/alt_do_ctors.o obj/HAL/src/alt_do_dtors.o obj/HAL/src/alt_ecc_fatal_entry.o obj/HAL/src/alt_ecc_fatal_exception.o obj/HAL/src/alt_env_lock.o obj/HAL/src/alt_environ.o obj/HAL/src/alt_errno.o obj/HAL/src/alt_exception_entry.o obj/HAL/src/alt_exception_muldiv.o obj/HAL/src/alt_exception_trap.o obj/HAL/src/alt_execve.o obj/HAL/src/alt_exit.o obj/HAL/src/alt_fcntl.o obj/HAL/src/alt_fd_lock.o obj/HAL/src/alt_fd_unlock.o obj/HAL/src/alt_find_dev.o obj/HAL/src/alt_find_file.o obj/HAL/src/alt_flash_dev.o obj/HAL/src/alt_fork.o obj/HAL/src/alt_fs_reg.o obj/HAL/src/alt_fstat.o obj/HAL/src/alt_get_fd.o obj/HAL/src/alt_getchar.o obj/HAL/src/alt_getpid.o obj/HAL/src/alt_gettod.o obj/HAL/src/alt_gmon.o obj/HAL/src/alt_icache_flush.o obj/HAL/src/alt_icache_flush_all.o obj/HAL/src/alt_iic.o obj/HAL/src/alt_iic_isr_register.o obj/HAL/src/alt_instruction_exception_entry.o obj/HAL/src/alt_instruction_exception_register.o obj/HAL/src/alt_io_redirect.o obj/HAL/src/alt_ioctl.o obj/HAL/src/alt_irq_entry.o obj/HAL/src/alt_irq_handler.o obj/HAL/src/alt_irq_register.o obj/HAL/src/alt_irq_vars.o obj/HAL/src/alt_isatty.o obj/HAL/src/alt_kill.o obj/HAL/src/alt_link.o obj/HAL/src/alt_load.o obj/HAL/src/alt_log_macro.o obj/HAL/src/alt_log_printf.o obj/HAL/src/alt_lseek.o obj/HAL/src/alt_main.o obj/HAL/src/alt_malloc_lock.o obj/HAL/src/alt_mcount.o obj/HAL/src/alt_open.o obj/HAL/src/alt_printf.o obj/HAL/src/alt_putchar.o obj/HAL/src/alt_putcharbuf.o obj/HAL/src/alt_putstr.o obj/HAL/src/alt_read.o obj/HAL/src/alt_release_fd.o obj/HAL/src/alt_remap_cached.o obj/HAL/src/alt_remap_uncached.o obj/HAL/src/alt_rename.o obj/HAL/src/alt_sbrk.o obj/HAL/src/alt_settod.o obj/HAL/src/alt_software_exception.o obj/HAL/src/alt_stat.o obj/HAL/src/alt_tick.o obj/HAL/src/alt_times.o obj/HAL/src/alt_uncached_free.o obj/HAL/src/alt_uncached_malloc.o obj/HAL/src/alt_unlink.o obj/HAL/src/alt_usleep.o obj/HAL/src/alt_wait.o obj/HAL/src/alt_write.o obj/HAL/src/altera_nios2_gen2_irq.o obj/HAL/src/crt0.o obj/alt_sys_init.o obj/drivers/src/altera_avalon_jtag_uart_fd.o obj/drivers/src/altera_avalon_jtag_uart_init.o obj/drivers/src/altera_avalon_jtag_uart_ioctl.o obj/drivers/src/altera_avalon_jtag_uart_read.o obj/drivers/src/altera_avalon_jtag_uart_write.o obj/drivers/src/altera_avalon_timer_sc.o obj/drivers/src/altera_avalon_timer_ts.o obj/drivers/src/altera_avalon_timer_vars.o obj/drivers/src/altera_msgdma.o
[BSP build complete]
Info: Compiling hello_world.c to obj/default/hello_world.o
nios2-elf-gcc -xc -MP -MMD -c -I../testbench_ls_bsp//HAL/inc -I../testbench_ls_bsp/ -I../testbench_ls_bsp//drivers/inc  -pipe -D__hal__ -DALT_NO_INSTRUCTION_EMULATION -DALT_SINGLE_THREADED    -O3 -g -Wall   -mno-hw-div -mhw-mul -mhw-mulx -mgpopt=global  -o obj/default/hello_world.o hello_world.c
hello_world.c: In function 'main':
hello_world.c:233:24: warning: initialization makes pointer from integer without a cast [-Wint-conversion]
Info: Compiling terasic_debug.c to obj/default/terasic_debug.o
   alt_u32 * wr_adr_p = addressRAM0_0;
nios2-elf-gcc -xc -MP -MMD -c -I../testbench_ls_bsp//HAL/inc -I../testbench_ls_bsp/ -I../testbench_ls_bsp//drivers/inc  -pipe -D__hal__ -DALT_NO_INSTRUCTION_EMULATION -DALT_SINGLE_THREADED    -O3 -g -Wall   -mno-hw-div -mhw-mul -mhw-mulx -mgpopt=global  -o obj/default/terasic_debug.o terasic_debug.c
                        ^
Info: Linking TestBench_FW.elf
hello_world.c:234:33: warning: initialization from incompatible pointer type [-Wincompatible-pointer-types]
   alt_u32 * ram_access_ptr_wr = &wr_adr_p;
                                 ^
nios2-elf-g++  -T'../testbench_ls_bsp//linker.x' -msys-crt0='../testbench_ls_bsp//obj/HAL/src/crt0.o' -msys-lib=hal_bsp -L../testbench_ls_bsp/   -Wl,-Map=TestBench_FW.map   -O3 -g -Wall   -mno-hw-div -mhw-mul -mhw-mulx -mgpopt=global  -o TestBench_FW.elf obj/default/hello_world.o obj/default/terasic_debug.o -lm -msys-lib=m
hello_world.c:507:10: warning: format '%x' expects argument of type 'unsigned int', but argument 2 has type 'long unsigned int' [-Wformat=]
nios2-elf-insert TestBench_FW.elf --thread_model hal --cpu_name nios_cpu --qsys true --simulation_enabled false --stderr_dev jtag --stdin_dev jtag --stdout_dev jtag --sopc_system_name testbench_ls --quartus_project_dir "/home/na62torino/Data/L0Tribe/l0tribe" --jdi ../..//output_files/TestBench_LS.jdi --sopcinfo /home/na62torino/Data/L0Tribe/l0tribe/software/testbench_ls_bsp/../../testbench_ls.sopcinfo
   printf("Port 0 - CHOD   : First init from \n ADDR: %x \tlen: %lu word: %x\n",(alt_u32)rd_adr_p[0],g,IORD_32DIRECT(DDR2_RAM_BASE,addressRAM0_0));
          ^
hello_world.c:507:10: warning: format '%x' expects argument of type 'unsigned int', but argument 2 has type 'long unsigned int' [-Wformat=]
hello_world.c:508:10: warning: format '%x' expects argument of type 'unsigned int', but argument 2 has type 'long unsigned int' [-Wformat=]
   printf("Port 1 - RICH   : First init from \n ADDR: %x \tlen: %lu word: %x\n",(alt_u32)rd_adr_p[1],g,IORD_32DIRECT(DDR2_RAM_BASE,addressRAM0_1));
          ^
hello_world.c:508:10: warning: format '%x' expects argument of type 'unsigned int', but argument 2 has type 'long unsigned int' [-Wformat=]
hello_world.c:509:10: warning: format '%x' expects argument of type 'unsigned int', but argument 2 has type 'long unsigned int' [-Wformat=]
   printf("Port 2 - LKr    : First init from \n ADDR: %x \tlen: %lu word: %x\n",(alt_u32)rd_adr_p[2],g,IORD_32DIRECT(DDR2_RAM_BASE,addressRAM0_2));
          ^
hello_world.c:509:10: warning: format '%x' expects argument of type 'unsigned int', but argument 2 has type 'long unsigned int' [-Wformat=]
hello_world.c:510:10: warning: format '%x' expects argument of type 'unsigned int', but argument 2 has type 'long unsigned int' [-Wformat=]
   printf("Port 3 - MUV3   : First init from \n ADDR: %x \tlen: %lu word: %x\n",(alt_u32)rd_adr_p[3],g,IORD_32DIRECT(DDR2_RAM_1_BASE,addressRAM1_0));
          ^
hello_world.c:510:10: warning: format '%x' expects argument of type 'unsigned int', but argument 2 has type 'long unsigned int' [-Wformat=]
hello_world.c:511:10: warning: format '%x' expects argument of type 'unsigned int', but argument 2 has type 'long unsigned int' [-Wformat=]
   printf("Port 4 - NewCHOD: First init from \n ADDR: %x \tlen: %lu word: %x\n",(alt_u32)rd_adr_p[4],g,IORD_32DIRECT(DDR2_RAM_1_BASE,addressRAM1_1));
          ^
hello_world.c:511:10: warning: format '%x' expects argument of type 'unsigned int', but argument 2 has type 'long unsigned int' [-Wformat=]
hello_world.c:520:10: warning: format '%d' expects argument of type 'int', but argument 2 has type 'alt_u32 {aka volatile long unsigned int}' [-Wformat=]
   printf("FIFOUSEDW0 %d\n",*FIFOUSEDW0);
          ^
hello_world.c:520:10: warning: format '%d' expects argument of type 'int', but argument 2 has type 'alt_u32 {aka volatile long unsigned int}' [-Wformat=]
hello_world.c:521:10: warning: format '%d' expects argument of type 'int', but argument 2 has type 'alt_u32 {aka volatile long unsigned int}' [-Wformat=]
   printf("FIFOUSEDW1 %d\n",*FIFOUSEDW1);
          ^
hello_world.c:521:10: warning: format '%d' expects argument of type 'int', but argument 2 has type 'alt_u32 {aka volatile long unsigned int}' [-Wformat=]
hello_world.c:522:10: warning: format '%d' expects argument of type 'int', but argument 2 has type 'alt_u32 {aka volatile long unsigned int}' [-Wformat=]
   printf("FIFOUSEDW2 %d\n",*FIFOUSEDW2);
          ^
hello_world.c:522:10: warning: format '%d' expects argument of type 'int', but argument 2 has type 'alt_u32 {aka volatile long unsigned int}' [-Wformat=]
hello_world.c:523:10: warning: format '%d' expects argument of type 'int', but argument 2 has type 'alt_u32 {aka volatile long unsigned int}' [-Wformat=]
   printf("FIFOUSEDW3 %d\n",*FIFOUSEDW3);
          ^
hello_world.c:523:10: warning: format '%d' expects argument of type 'int', but argument 2 has type 'alt_u32 {aka volatile long unsigned int}' [-Wformat=]
hello_world.c:524:10: warning: format '%d' expects argument of type 'int', but argument 2 has type 'alt_u32 {aka volatile long unsigned int}' [-Wformat=]
   printf("FIFOUSEDW4 %d\n",*FIFOUSEDW4);
          ^
hello_world.c:524:10: warning: format '%d' expects argument of type 'int', but argument 2 has type 'alt_u32 {aka volatile long unsigned int}' [-Wformat=]
hello_world.c:603:12: warning: format '%d' expects argument of type 'int', but argument 3 has type 'alt_u32 {aka long unsigned int}' [-Wformat=]
     printf("Port%d: ninterrupt: %d \n",i,ninterrupt[i]);
            ^
hello_world.c:603:12: warning: format '%d' expects argument of type 'int', but argument 3 has type 'alt_u32 {aka long unsigned int}' [-Wformat=]
hello_world.c:605:10: warning: format '%d' expects argument of type 'int', but argument 2 has type 'alt_u32 {aka volatile long unsigned int}' [-Wformat=]
   printf("FIFOUSEDW0 %d\n",*FIFOUSEDW0);
          ^
hello_world.c:605:10: warning: format '%d' expects argument of type 'int', but argument 2 has type 'alt_u32 {aka volatile long unsigned int}' [-Wformat=]
hello_world.c:606:10: warning: format '%d' expects argument of type 'int', but argument 2 has type 'alt_u32 {aka volatile long unsigned int}' [-Wformat=]
   printf("FIFOUSEDW1 %d\n",*FIFOUSEDW1);
          ^
hello_world.c:606:10: warning: format '%d' expects argument of type 'int', but argument 2 has type 'alt_u32 {aka volatile long unsigned int}' [-Wformat=]
hello_world.c:607:10: warning: format '%d' expects argument of type 'int', but argument 2 has type 'alt_u32 {aka volatile long unsigned int}' [-Wformat=]
   printf("FIFOUSEDW2 %d\n",*FIFOUSEDW2);
          ^
hello_world.c:607:10: warning: format '%d' expects argument of type 'int', but argument 2 has type 'alt_u32 {aka volatile long unsigned int}' [-Wformat=]
hello_world.c:608:10: warning: format '%d' expects argument of type 'int', but argument 2 has type 'alt_u32 {aka volatile long unsigned int}' [-Wformat=]
   printf("FIFOUSEDW3 %d\n",*FIFOUSEDW3);
          ^
hello_world.c:608:10: warning: format '%d' expects argument of type 'int', but argument 2 has type 'alt_u32 {aka volatile long unsigned int}' [-Wformat=]
hello_world.c:609:10: warning: format '%d' expects argument of type 'int', but argument 2 has type 'alt_u32 {aka volatile long unsigned int}' [-Wformat=]
   printf("FIFOUSEDW4 %d\n",*FIFOUSEDW4);
          ^
hello_world.c:609:10: warning: format '%d' expects argument of type 'int', but argument 2 has type 'alt_u32 {aka volatile long unsigned int}' [-Wformat=]
hello_world.c:234:13: warning: unused variable 'ram_access_ptr_wr' [-Wunused-variable]
   alt_u32 * ram_access_ptr_wr = &wr_adr_p;
             ^
hello_world.c:222:11: warning: unused variable 'time1' [-Wunused-variable]
   alt_u32 time1 = alt_nticks() * alt_ticks_per_second();
           ^
hello_world.c:221:11: warning: unused variable 'time0' [-Wunused-variable]
   alt_u32 time0 = alt_nticks() * alt_ticks_per_second();
           ^
hello_world.c: At top level:
hello_world.c:90:13: warning: 'ISR_transfer_callback' defined but not used [-Wunused-function]
 static void ISR_transfer_callback(void * context){
             ^
terasic_debug.c: In function 'myprintf_hexarray':
terasic_debug.c:83:17: warning: pointer targets in passing argument 1 of 'sprintf' differ in signedness [-Wpointer-sign]
         sprintf(szText, "[%02X]", *(pHex+i));
                 ^
In file included from /home/na62torino/altera/16.1/nios2eds/bin/gnu/H-x86_64-pc-linux-gnu/nios2-elf/include/stdio.h:29:0,
                 from terasic_debug.c:33:
/home/na62torino/altera/16.1/nios2eds/bin/gnu/H-x86_64-pc-linux-gnu/nios2-elf/include/stdio.h:258:5: note: expected 'char * restrict' but argument is of type 'unsigned char *'
 int _EXFUN(sprintf, (char *__restrict, const char *__restrict, ...)
     ^
In file included from terasic_includes.h:53:0,
                 from terasic_debug.c:35:
terasic_debug.c:84:16: warning: pointer targets in passing argument 1 of 'myprintf' differ in signedness [-Wpointer-sign]
         DEBUG((szText));
                ^
terasic_debug.h:70:46: note: in definition of macro 'DEBUG'
     #define DEBUG(x)               {myprintf x;}  // standard in/out, specifed in project (it could be uart, jtag, or lcd)
                                              ^
terasic_debug.c:64:5: note: expected 'char *' but argument is of type 'unsigned char *'
 int myprintf(char *format, ...){
     ^
Info: (TestBench_FW.elf) 92 KBytes program size (code + initialized data).
Info:                    400 KBytes free for stack + heap.
Info: Creating TestBench_FW.objdump
nios2-elf-objdump --disassemble --syms --all-header --source TestBench_FW.elf >TestBench_FW.objdump
[TestBench_FW build complete]
